<?xml version="1.0" encoding="UTF-8"?>
<testsuite xmlns:xsi="http://www.w3.org/2001/XMLSchema-instance" xsi:noNamespaceSchemaLocation="https://maven.apache.org/surefire/maven-surefire-plugin/xsd/surefire-test-report.xsd" name="testrunner.TestRunner" time="0.547" tests="1" errors="1" skipped="0" failures="0">
  <properties>
[...]
</properties>
  <testcase name="Job Application to ILab" classname="ILab Assessment" time="0.036">
    <error message="Step [^I should be able to enter &quot;([^&quot;]*)&quot; &quot;([^&quot;]*)&quot; &quot;([^&quot;]*)&quot;$] is defined with 6 parameters at &apos;stepDefinitions.Happyflow.i_should_be_able_to_enter_something_something_something(String,String,String,String,String,String) in file:/C:/Users/pmuleya/AppData/Local/Temp/surefire3083843644425932807/..%5C..%5C..%5C..%5CDesktop%5Cuntitled%5Ctarget%5Ctest-classes/&apos;.&#10;However, the gherkin step has 3 arguments:&#10; * Priscilla&#10; * automationAssessment@iLabQuality.com&#10; * I am respoding to the advitised position&#10;Step text: I should be able to enter &quot;Priscilla&quot; &quot;automationAssessment@iLabQuality.com&quot; &quot;I am respoding to the advitised position&quot;" type="cucumber.runtime.CucumberException">cucumber.runtime.CucumberException: 
Step [^I should be able to enter "([^"]*)" "([^"]*)" "([^"]*)"$] is defined with 6 parameters at 'stepDefinitions.Happyflow.i_should_be_able_to_enter_something_something_something(String,String,String,String,String,String) in file:/C:/Users/pmuleya/AppData/Local/Temp/surefire3083843644425932807/..%5C..%5C..%5C..%5CDesktop%5Cuntitled%5Ctarget%5Ctest-classes/'.
However, the gherkin step has 3 arguments:
 * Priscilla
 * automationAssessment@iLabQuality.com
 * I am respoding to the advitised position
Step text: I should be able to enter "Priscilla" "automationAssessment@iLabQuality.com" "I am respoding to the advitised position"
</error>
    <system-out><![CDATA[Feature: ILab Assessment

  @testing
  Scenario Outline: Job Application to ILab # src/test/features/Application.feature:4
    Given I want to apply from ILab side
    When I click on careers
    And select south Africa link
    And select the the advertised Jobs
    And click on the apply online link
    And I should be able to enter "<applicatName>" "<emailAddress>" "<message>"
    Then i should be able to submit the application and quite the browser

    Examples: 

  @testing
  Scenario Outline: Job Application to ILab                                                                                     # src/test/features/Application.feature:16
    Given I want to apply from ILab side                                                                                        # Happyflow.i_want_to_apply_from_ilab_side()
    When I click on careers                                                                                                     # Happyflow.i_click_on_careers()
    And select south Africa link                                                                                                # Happyflow.select_south_africa_link()
    And select the the advertised Jobs                                                                                          # Happyflow.select_the_the_advertised_jobs()
    And click on the apply online link                                                                                          # Happyflow.click_on_the_apply_online_link()
    And I should be able to enter "Priscilla" "automationAssessment@iLabQuality.com" "I am respoding to the advitised position" # Happyflow.i_should_be_able_to_enter_something_something_something(String,String,String,String,String,String)
      cucumber.runtime.CucumberException: Step [^I should be able to enter "([^"]*)" "([^"]*)" "([^"]*)"$] is defined with 6 parameters at 'stepDefinitions.Happyflow.i_should_be_able_to_enter_something_something_something(String,String,String,String,String,String) in file:/C:/Users/pmuleya/AppData/Local/Temp/surefire3083843644425932807/..%5C..%5C..%5C..%5CDesktop%5Cuntitled%5Ctarget%5Ctest-classes/'.
However, the gherkin step has 3 arguments:
 * Priscilla
 * automationAssessment@iLabQuality.com
 * I am respoding to the advitised position
Step text: I should be able to enter "Priscilla" "automationAssessment@iLabQuality.com" "I am respoding to the advitised position"
	at cucumber.runner.PickleStepDefinitionMatch.arityMismatch(PickleStepDefinitionMatch.java:84)
	at cucumber.runner.PickleStepDefinitionMatch.runStep(PickleStepDefinitionMatch.java:36)
	at cucumber.runner.TestStep.executeStep(TestStep.java:65)
	at cucumber.runner.TestStep.run(TestStep.java:50)
	at cucumber.runner.PickleStepTestStep.run(PickleStepTestStep.java:43)
	at cucumber.runner.TestCase.run(TestCase.java:46)
	at cucumber.runner.Runner.runPickle(Runner.java:50)
	at io.cucumber.junit.PickleRunners$NoStepDescriptions.run(PickleRunners.java:146)
	at io.cucumber.junit.FeatureRunner.runChild(FeatureRunner.java:68)
	at io.cucumber.junit.FeatureRunner.runChild(FeatureRunner.java:23)
	at org.junit.runners.ParentRunner$4.run(ParentRunner.java:331)
	at org.junit.runners.ParentRunner$1.schedule(ParentRunner.java:79)
	at org.junit.runners.ParentRunner.runChildren(ParentRunner.java:329)
	at org.junit.runners.ParentRunner.access$100(ParentRunner.java:66)
	at org.junit.runners.ParentRunner$2.evaluate(ParentRunner.java:293)
	at org.junit.runners.ParentRunner$3.evaluate(ParentRunner.java:306)
	at org.junit.runners.ParentRunner.run(ParentRunner.java:413)
	at io.cucumber.junit.Cucumber.runChild(Cucumber.java:144)
	at io.cucumber.junit.Cucumber.runChild(Cucumber.java:65)
	at org.junit.runners.ParentRunner$4.run(ParentRunner.java:331)
	at org.junit.runners.ParentRunner$1.schedule(ParentRunner.java:79)
	at org.junit.runners.ParentRunner.runChildren(ParentRunner.java:329)
	at org.junit.runners.ParentRunner.access$100(ParentRunner.java:66)
	at org.junit.runners.ParentRunner$2.evaluate(ParentRunner.java:293)
	at io.cucumber.junit.Cucumber$RunCucumber.evaluate(Cucumber.java:174)
	at org.junit.runners.ParentRunner$3.evaluate(ParentRunner.java:306)
	at org.junit.runners.ParentRunner.run(ParentRunner.java:413)
	at org.apache.maven.surefire.junit4.JUnit4Provider.execute(JUnit4Provider.java:365)
	at org.apache.maven.surefire.junit4.JUnit4Provider.executeWithRerun(JUnit4Provider.java:273)
	at org.apache.maven.surefire.junit4.JUnit4Provider.executeTestSet(JUnit4Provider.java:238)
	at org.apache.maven.surefire.junit4.JUnit4Provider.invoke(JUnit4Provider.java:159)
	at org.apache.maven.surefire.booter.ForkedBooter.invokeProviderInSameClassLoader(ForkedBooter.java:384)
	at org.apache.maven.surefire.booter.ForkedBooter.runSuitesInProcess(ForkedBooter.java:345)
	at org.apache.maven.surefire.booter.ForkedBooter.execute(ForkedBooter.java:126)
	at org.apache.maven.surefire.booter.ForkedBooter.main(ForkedBooter.java:418)

    Then i should be able to submit the application and quite the browser                                                       # Happyflow.i_should_be_able_to_submit_the_application_and_quite_the_browser()
]]></system-out>
  </testcase>
</testsuite>